<?xml version="1.0" encoding="UTF-8"?>
<!-- Generated by org.testng.reporters.JUnitXMLReporter -->
<testsuite hostname="User-PC" ignored="0" name="Test" tests="28" failures="0" timestamp="2021-12-01T18:32:14 IST" time="29.65" errors="0">
  <testcase name="@BeforeTest Setup" time="10.519" classname="SeleniumPractice.LoginPage">
    <failure type="org.openqa.selenium.WebDriverException" message="java.net.SocketTimeoutException: timeout
Build info: version: &amp;apos;3.9.0&amp;apos;, revision: &amp;apos;698b3178f0&amp;apos;, time: &amp;apos;2018-02-05T14:56:13.134Z&amp;apos;
System info: host: &amp;apos;USER-PC&amp;apos;, ip: &amp;apos;192.168.0.100&amp;apos;, os.name: &amp;apos;Windows 7&amp;apos;, os.arch: &amp;apos;amd64&amp;apos;, os.version: &amp;apos;6.1&amp;apos;, java.version: &amp;apos;1.8.0_144&amp;apos;
Driver info: driver.version: ChromeDriver">
      <![CDATA[org.openqa.selenium.WebDriverException: java.net.SocketTimeoutException: timeout
Build info: version: '3.9.0', revision: '698b3178f0', time: '2018-02-05T14:56:13.134Z'
System info: host: 'USER-PC', ip: '192.168.0.100', os.name: 'Windows 7', os.arch: 'amd64', os.version: '6.1', java.version: '1.8.0_144'
Driver info: driver.version: ChromeDriver
at org.openqa.selenium.remote.service.DriverCommandExecutor.execute(DriverCommandExecutor.java:92)
at org.openqa.selenium.remote.RemoteWebDriver.execute(RemoteWebDriver.java:601)
at org.openqa.selenium.remote.RemoteWebDriver.startSession(RemoteWebDriver.java:219)
at org.openqa.selenium.remote.RemoteWebDriver.<init>(RemoteWebDriver.java:142)
at org.openqa.selenium.chrome.ChromeDriver.<init>(ChromeDriver.java:181)
at org.openqa.selenium.chrome.ChromeDriver.<init>(ChromeDriver.java:168)
at org.openqa.selenium.chrome.ChromeDriver.<init>(ChromeDriver.java:123)
at SeleniumPractice.LoginPage.Setup(LoginPage.java:17)
Caused by: java.net.SocketTimeoutException: timeout
at okio.Okio$4.newTimeoutException(Okio.java:230)
at okio.AsyncTimeout.exit(AsyncTimeout.java:285)
at okio.AsyncTimeout$2.read(AsyncTimeout.java:241)
at okio.RealBufferedSource.indexOf(RealBufferedSource.java:345)
at okio.RealBufferedSource.readUtf8LineStrict(RealBufferedSource.java:217)
at okhttp3.internal.http1.Http1Codec.readHeaderLine(Http1Codec.java:212)
at okhttp3.internal.http1.Http1Codec.readResponseHeaders(Http1Codec.java:189)
at okhttp3.internal.http.CallServerInterceptor.intercept(CallServerInterceptor.java:88)
at okhttp3.internal.http.RealInterceptorChain.proceed(RealInterceptorChain.java:147)
at okhttp3.internal.connection.ConnectInterceptor.intercept(ConnectInterceptor.java:45)
at okhttp3.internal.http.RealInterceptorChain.proceed(RealInterceptorChain.java:147)
at okhttp3.internal.http.RealInterceptorChain.proceed(RealInterceptorChain.java:121)
at okhttp3.internal.cache.CacheInterceptor.intercept(CacheInterceptor.java:93)
at okhttp3.internal.http.RealInterceptorChain.proceed(RealInterceptorChain.java:147)
at okhttp3.internal.http.RealInterceptorChain.proceed(RealInterceptorChain.java:121)
at okhttp3.internal.http.BridgeInterceptor.intercept(BridgeInterceptor.java:93)
at okhttp3.internal.http.RealInterceptorChain.proceed(RealInterceptorChain.java:147)
at okhttp3.internal.http.RetryAndFollowUpInterceptor.intercept(RetryAndFollowUpInterceptor.java:125)
at okhttp3.internal.http.RealInterceptorChain.proceed(RealInterceptorChain.java:147)
at okhttp3.internal.http.RealInterceptorChain.proceed(RealInterceptorChain.java:121)
at okhttp3.RealCall.getResponseWithInterceptorChain(RealCall.java:200)
at okhttp3.RealCall.execute(RealCall.java:77)
at org.openqa.selenium.remote.internal.OkHttpClient.execute(OkHttpClient.java:97)
at org.openqa.selenium.remote.internal.OkHttpClient.execute(OkHttpClient.java:47)
at org.openqa.selenium.remote.ProtocolHandshake.createSession(ProtocolHandshake.java:101)
at org.openqa.selenium.remote.ProtocolHandshake.createSession(ProtocolHandshake.java:73)
at org.openqa.selenium.remote.HttpCommandExecutor.execute(HttpCommandExecutor.java:138)
at org.openqa.selenium.remote.service.DriverCommandExecutor.execute(DriverCommandExecutor.java:83)
... 31 more
Caused by: java.net.SocketTimeoutException: Read timed out
at java.net.SocketInputStream.socketRead0(Native Method)
at java.net.SocketInputStream.socketRead(SocketInputStream.java:116)
at java.net.SocketInputStream.read(SocketInputStream.java:171)
at java.net.SocketInputStream.read(SocketInputStream.java:141)
at okio.Okio$2.read(Okio.java:139)
at okio.AsyncTimeout$2.read(AsyncTimeout.java:237)
... 56 more
... Removed 24 stack frames]]>
    </failure>
  </testcase> <!-- @BeforeTest Setup -->
  <testcase name="@BeforeTest Setup" time="-1.638363733931E9" classname="SeleniumPractice.UserPage">
    <skipped/>
  </testcase> <!-- @BeforeTest Setup -->
  <testcase name="CheckColumnTitle" time="0.0" classname="SeleniumPractice.UserPage">
    <skipped/>
  </testcase> <!-- CheckColumnTitle -->
  <testcase name="StateSelected" time="0.0" classname="SeleniumPractice.UserPage">
    <skipped/>
  </testcase> <!-- StateSelected -->
  <testcase name="VerifyHeading" time="0.0" classname="SeleniumPractice.UserPage">
    <skipped/>
  </testcase> <!-- VerifyHeading -->
  <testcase name="AlertHandle" time="0.0" classname="SeleniumPractice.UserPage">
    <skipped/>
  </testcase> <!-- AlertHandle -->
  <testcase name="ListTitle" time="0.0" classname="SeleniumPractice.UserPage">
    <skipped/>
  </testcase> <!-- ListTitle -->
  <testcase name="GetHomepageUrl" time="0.0" classname="SeleniumPractice.UserPage">
    <skipped/>
  </testcase> <!-- GetHomepageUrl -->
  <testcase name="TotalinnerBox" time="0.0" classname="SeleniumPractice.Dashboard">
    <skipped/>
  </testcase> <!-- TotalinnerBox -->
  <testcase name="DashboardPage" time="0.0" classname="SeleniumPractice.Dashboard">
    <skipped/>
  </testcase> <!-- DashboardPage -->
  <testcase name="TotalCourses" time="0.0" classname="SeleniumPractice.Dashboard">
    <skipped/>
  </testcase> <!-- TotalCourses -->
  <testcase name="TotalMoreInfoLink" time="0.0" classname="SeleniumPractice.Dashboard">
    <skipped/>
  </testcase> <!-- TotalMoreInfoLink -->
  <testcase name="NoOfIcons" time="0.0" classname="SeleniumPractice.Dashboard">
    <skipped/>
  </testcase> <!-- NoOfIcons -->
  <testcase name="WindowHandeling" time="0.0" classname="SeleniumPractice.Dashboard">
    <skipped/>
  </testcase> <!-- WindowHandeling -->
  <testcase name="cheakUrl" time="0.0" classname="SeleniumPractice.LoginPage">
    <skipped/>
  </testcase> <!-- cheakUrl -->
  <testcase name="FailLoginPassword" time="0.0" classname="SeleniumPractice.LoginPage">
    <skipped/>
  </testcase> <!-- FailLoginPassword -->
  <testcase name="FailLoginmail" time="0.0" classname="SeleniumPractice.LoginPage">
    <skipped/>
  </testcase> <!-- FailLoginmail -->
  <testcase name="Headline" time="0.0" classname="SeleniumPractice.LoginPage">
    <skipped/>
  </testcase> <!-- Headline -->
  <testcase name="subtitle" time="0.0" classname="SeleniumPractice.LoginPage">
    <skipped/>
  </testcase> <!-- subtitle -->
  <testcase name="checkmail" time="0.0" classname="SeleniumPractice.LoginPage">
    <skipped/>
  </testcase> <!-- checkmail -->
  <testcase name="BlankData" time="0.0" classname="SeleniumPractice.LoginPage">
    <skipped/>
  </testcase> <!-- BlankData -->
  <testcase name="VerifyLogo" time="0.0" classname="SeleniumPractice.LoginPage">
    <skipped/>
  </testcase> <!-- VerifyLogo -->
  <testcase name="verifyText" time="0.0" classname="SeleniumPractice.LoginPage">
    <skipped/>
  </testcase> <!-- verifyText -->
  <testcase name="verifyHeadline" time="0.0" classname="SeleniumPractice.LoginPage">
    <skipped/>
  </testcase> <!-- verifyHeadline -->
  <testcase name="Validlogin" time="0.0" classname="SeleniumPractice.LoginPage">
    <skipped/>
  </testcase> <!-- Validlogin -->
  <testcase name="CheckURL" time="0.0" classname="SeleniumPractice.AddUserPage">
    <skipped/>
  </testcase> <!-- CheckURL -->
  <testcase name="VerifyHeading" time="0.0" classname="SeleniumPractice.AddUserPage">
    <skipped/>
  </testcase> <!-- VerifyHeading -->
  <testcase name="VerifySideBar" time="0.0" classname="SeleniumPractice.AddUserPage">
    <skipped/>
  </testcase> <!-- VerifySideBar -->
  <testcase name="VerifySubmitButton" time="0.0" classname="SeleniumPractice.AddUserPage">
    <skipped/>
  </testcase> <!-- VerifySubmitButton -->
  <testcase name="userpage" time="0.0" classname="SeleniumPractice.AddUserPage">
    <skipped/>
  </testcase> <!-- userpage -->
</testsuite> <!-- Test -->
